<?xml version="1.0" encoding="UTF-8"?>
<!-- Generated by org.testng.reporters.JUnitXMLReporter -->
<testsuite hostname="LAPTOP-PUTKRJNO" ignored="0" name="SampleTest" tests="1" failures="1" timestamp="2020-04-22T21:51:21 IST" time="14.404" errors="0">
  <testcase name="feature" time="14.174" classname="TestRunner.TestRunner">
    <failure type="cucumber.runtime.CucumberException" message="java.lang.NullPointerException">
      <![CDATA[cucumber.runtime.CucumberException: java.lang.NullPointerException
at cucumber.api.testng.TestNGCucumberRunner.runCucumber(TestNGCucumberRunner.java:69)
at TestRunner.TestRunner.feature(TestRunner.java:26)
at java.util.ArrayList.forEach(Unknown Source)
Caused by: java.lang.NullPointerException
at BroadcastStepDef.SampleDef.quit(SampleDef.java:30)
at ✽.Then Click on search button(Youtube.feature:6)
... Removed 27 stack frames]]>
    </failure>
  </testcase> <!-- feature -->
</testsuite> <!-- SampleTest -->
